--------------------Moonraker Log Start--------------------
config_file: /home/mks/klipper_config/moonraker.conf
log_file: /home/mks/klipper_logs/moonraker.log
software_version: v0.7.1-609-gbdd0222-dirty
python_version: 3.7.3 (default, Jan 22 2021, 20:04:44)  [GCC 8.3.0]

#################### Moonraker Configuration ####################

[server]
host = 0.0.0.0
port = 7125
enable_debug_logging = False
klippy_uds_address = /tmp/klippy_uds

[authorization]
trusted_clients = 
	10.0.0.0/8
	127.0.0.0/8
	169.254.0.0/16
	172.16.0.0/12
	192.168.0.0/16
	FE80::/10
	::1/128
cors_domains = 
	http://*.lan
	http://*.local
	https://my.mainsail.xyz
	http://my.mainsail.xyz
	https://app.fluidd.xyz
	http://app.fluidd.xyz

[database]
database_path = /home/mks/.moonraker_database

[file_manager]
config_path = /home/mks/klipper_config
log_path = /home/mks/klipper_logs

[octoprint_compat]

[history]

#################################################################
All Configuration Files:
/home/mks/klipper_config/moonraker.conf
#################################################################
Unsafe Shutdown Count: 2

System Info:

***python***
  version: sys.version_info(major=3, minor=7, micro=3, releaselevel='final', serial=0)
  version_string: 3.7.3 (default, Jan 22 2021, 20:04:44)  [GCC 8.3.0]

***cpu_info***
  cpu_count: 4
  bits: 64bit
  processor: aarch64
  cpu_desc: 
  serial_number: 
  hardware_desc: 
  model: 
  total_memory: 999788
  memory_units: kB

***sd_info***

***distribution***
  name: Armbian 22.05.0-trunk Buster
  id: debian
  version: 10
  version_parts: {'major': '10', 'minor': '', 'build_number': ''}
  like: 
  codename: buster
  release_info: {'name': '# PLEASE DO NOT EDIT THIS FILE', 'id': 'armbian'}

***virtualization***
  virt_type: none
  virt_identifier: none
Klipper Version: v0.10.0-530-g3387a9c2-dirty
2023-10-06 00:04:42,542 [klippy_connection.py:_process_status_update()] - Klippy has shutdown
2023-10-06 00:04:42,551 [proc_stats.py:_handle_shutdown()] - 
Moonraker System Usage Statistics:
System Time: 1696521853.098471, Usage: 3.41%, Memory: 35020 kB
System Time: 1696521854.101129, Usage: 4.28%, Memory: 35020 kB
System Time: 1696521855.101618, Usage: 2.87%, Memory: 35020 kB
System Time: 1696521856.102666, Usage: 2.63%, Memory: 35020 kB
System Time: 1696521857.103203, Usage: 3.0%, Memory: 35020 kB
System Time: 1696521858.104430, Usage: 2.61%, Memory: 35020 kB
System Time: 1696521859.105566, Usage: 3.22%, Memory: 35020 kB
System Time: 1696521860.106671, Usage: 4.14%, Memory: 35020 kB
System Time: 1696521861.112828, Usage: 2.8%, Memory: 35020 kB
System Time: 1696521862.109293, Usage: 3.25%, Memory: 35020 kB
System Time: 1696521863.110403, Usage: 2.8%, Memory: 35020 kB
System Time: 1696521864.112648, Usage: 4.45%, Memory: 35020 kB
System Time: 1696521865.114269, Usage: 2.62%, Memory: 35020 kB
System Time: 1696521866.114956, Usage: 2.89%, Memory: 35020 kB
System Time: 1696521867.115868, Usage: 2.57%, Memory: 35020 kB
System Time: 1696521868.116631, Usage: 2.98%, Memory: 35020 kB
System Time: 1696521869.117578, Usage: 2.6%, Memory: 35020 kB
System Time: 1696521870.123281, Usage: 2.88%, Memory: 35020 kB
System Time: 1696521871.119671, Usage: 3.55%, Memory: 35020 kB
System Time: 1696521872.120798, Usage: 4.17%, Memory: 35020 kB
System Time: 1696521873.122600, Usage: 3.03%, Memory: 35020 kB
System Time: 1696521874.124232, Usage: 4.23%, Memory: 35020 kB
System Time: 1696521875.125045, Usage: 2.96%, Memory: 35020 kB
System Time: 1696521876.125897, Usage: 2.62%, Memory: 35020 kB
System Time: 1696521877.126436, Usage: 2.82%, Memory: 35020 kB
System Time: 1696521878.127253, Usage: 2.62%, Memory: 35020 kB
System Time: 1696521879.132793, Usage: 2.8%, Memory: 35020 kB
System Time: 1696521880.128907, Usage: 3.24%, Memory: 35020 kB
System Time: 1696521881.130094, Usage: 2.54%, Memory: 35020 kB
System Time: 1696521882.130617, Usage: 2.76%, Memory: 35020 kB
CPU Temperature: 68.461
2023-10-06 00:04:43,040 [authorization.py:_check_trusted_connection()] - Trusted Connection Detected, IP: 192.168.2.248
--------------------Moonraker Log Start--------------------
config_file: /home/mks/klipper_config/moonraker.conf
log_file: /home/mks/klipper_logs/moonraker.log
software_version: v0.7.1-609-gbdd0222-dirty
python_version: 3.7.3 (default, Jan 22 2021, 20:04:44)  [GCC 8.3.0]
2023-10-05 23:17:16,263 [utils.py:setup_logging()] - config_file: /home/mks/klipper_config/moonraker.conf
2023-10-05 23:17:16,263 [utils.py:setup_logging()] - log_file: /home/mks/klipper_logs/moonraker.log
2023-10-05 23:17:16,264 [utils.py:setup_logging()] - software_version: v0.7.1-609-gbdd0222-dirty
2023-10-05 23:17:16,264 [utils.py:setup_logging()] - python_version: 3.7.3 (default, Jan 22 2021, 20:04:44)  [GCC 8.3.0]
2023-10-05 23:17:16,289 [moonraker.py:add_log_rollover_item()] - 
#################### Moonraker Configuration ####################

[server]
host = 0.0.0.0
port = 7125
enable_debug_logging = False
klippy_uds_address = /tmp/klippy_uds

[authorization]
trusted_clients = 
	10.0.0.0/8
	127.0.0.0/8
	169.254.0.0/16
	172.16.0.0/12
	192.168.0.0/16
	FE80::/10
	::1/128
cors_domains = 
	http://*.lan
	http://*.local
	https://my.mainsail.xyz
	http://my.mainsail.xyz
	https://app.fluidd.xyz
	http://app.fluidd.xyz

[database]
database_path = /home/mks/.moonraker_database

[file_manager]
config_path = /home/mks/klipper_config
log_path = /home/mks/klipper_logs

[octoprint_compat]

[history]

#################################################################
All Configuration Files:
/home/mks/klipper_config/moonraker.conf
#################################################################
2023-10-05 23:17:16,330 [app.py:register_local_handler()] - Registering HTTP Endpoint: (GET) /server/info
2023-10-05 23:17:16,332 [websockets.py:register_api_handler()] - Registering Websocket JSON-RPC methods: server.info
2023-10-05 23:17:16,332 [app.py:register_local_handler()] - Registering HTTP Endpoint: (GET) /server/config
2023-10-05 23:17:16,333 [websockets.py:register_api_handler()] - Registering Websocket JSON-RPC methods: server.config
2023-10-05 23:17:16,334 [app.py:register_local_handler()] - Registering HTTP Endpoint: (POST) /server/restart
2023-10-05 23:17:16,335 [websockets.py:register_api_handler()] - Registering Websocket JSON-RPC methods: server.restart
2023-10-05 23:17:16,520 [moonraker.py:load_component()] - Component (dbus_manager) loaded
2023-10-05 23:17:16,561 [moonraker.py:add_log_rollover_item()] - Unsafe Shutdown Count: 2
2023-10-05 23:17:16,579 [app.py:register_local_handler()] - Registering HTTP Endpoint: (GET) /server/database/list
2023-10-05 23:17:16,581 [websockets.py:register_api_handler()] - Registering Websocket JSON-RPC methods: server.database.list
2023-10-05 23:17:16,581 [app.py:register_local_handler()] - Registering HTTP Endpoint: (GET POST DELETE) /server/database/item
2023-10-05 23:17:16,582 [websockets.py:register_api_handler()] - Registering Websocket JSON-RPC methods: server.database.get_item, server.database.post_item, server.database.delete_item
2023-10-05 23:17:16,583 [moonraker.py:load_component()] - Component (database) loaded
2023-10-05 23:17:16,681 [app.py:register_local_handler()] - Registering HTTP Endpoint: (GET) /server/files/list
2023-10-05 23:17:16,683 [websockets.py:register_api_handler()] - Registering Websocket JSON-RPC methods: server.files.list
2023-10-05 23:17:16,684 [app.py:register_local_handler()] - Registering HTTP Endpoint: (GET) /server/files/metadata
2023-10-05 23:17:16,686 [websockets.py:register_api_handler()] - Registering Websocket JSON-RPC methods: server.files.metadata
2023-10-05 23:17:16,690 [app.py:register_local_handler()] - Registering HTTP Endpoint: (GET POST DELETE) /server/files/directory
2023-10-05 23:17:16,692 [websockets.py:register_api_handler()] - Registering Websocket JSON-RPC methods: server.files.get_directory, server.files.post_directory, server.files.delete_directory
2023-10-05 23:17:16,692 [app.py:register_local_handler()] - Registering HTTP Endpoint: (POST) /server/files/move
2023-10-05 23:17:16,694 [websockets.py:register_api_handler()] - Registering Websocket JSON-RPC methods: server.files.move
2023-10-05 23:17:16,694 [app.py:register_local_handler()] - Registering HTTP Endpoint: (POST) /server/files/copy
2023-10-05 23:17:16,696 [websockets.py:register_api_handler()] - Registering Websocket JSON-RPC methods: server.files.copy
2023-10-05 23:17:16,697 [websockets.py:register_api_handler()] - Registering Websocket JSON-RPC methods: server.files.delete_file
2023-10-05 23:17:16,725 [moonraker.py:load_component()] - Component (file_manager) loaded
2023-10-05 23:17:16,731 [app.py:register_local_handler()] - Registering HTTP Endpoint: (POST) /printer/print/pause
2023-10-05 23:17:16,733 [websockets.py:register_api_handler()] - Registering Websocket JSON-RPC methods: printer.print.pause
2023-10-05 23:17:16,733 [app.py:register_local_handler()] - Registering HTTP Endpoint: (POST) /printer/print/resume
2023-10-05 23:17:16,735 [websockets.py:register_api_handler()] - Registering Websocket JSON-RPC methods: printer.print.resume
2023-10-05 23:17:16,735 [app.py:register_local_handler()] - Registering HTTP Endpoint: (POST) /printer/print/cancel
2023-10-05 23:17:16,737 [websockets.py:register_api_handler()] - Registering Websocket JSON-RPC methods: printer.print.cancel
2023-10-05 23:17:16,737 [app.py:register_local_handler()] - Registering HTTP Endpoint: (POST) /printer/print/start
2023-10-05 23:17:16,738 [websockets.py:register_api_handler()] - Registering Websocket JSON-RPC methods: printer.print.start
2023-10-05 23:17:16,739 [app.py:register_local_handler()] - Registering HTTP Endpoint: (POST) /printer/restart
2023-10-05 23:17:16,741 [websockets.py:register_api_handler()] - Registering Websocket JSON-RPC methods: printer.restart
2023-10-05 23:17:16,742 [app.py:register_local_handler()] - Registering HTTP Endpoint: (POST) /printer/firmware_restart
2023-10-05 23:17:16,743 [websockets.py:register_api_handler()] - Registering Websocket JSON-RPC methods: printer.firmware_restart
2023-10-05 23:17:16,744 [moonraker.py:load_component()] - Component (klippy_apis) loaded
2023-10-05 23:17:17,298 [moonraker.py:add_log_rollover_item()] - 
System Info:

***python***
  version: sys.version_info(major=3, minor=7, micro=3, releaselevel='final', serial=0)
  version_string: 3.7.3 (default, Jan 22 2021, 20:04:44)  [GCC 8.3.0]

***cpu_info***
  cpu_count: 4
  bits: 64bit
  processor: aarch64
  cpu_desc: 
  serial_number: 
  hardware_desc: 
  model: 
  total_memory: 999788
  memory_units: kB

***sd_info***

***distribution***
  name: Armbian 22.05.0-trunk Buster
  id: debian
  version: 10
  version_parts: {'major': '10', 'minor': '', 'build_number': ''}
  like: 
  codename: buster
  release_info: {'name': '# PLEASE DO NOT EDIT THIS FILE', 'id': 'armbian'}

***virtualization***
  virt_type: none
  virt_identifier: none
2023-10-05 23:17:17,309 [moonraker.py:load_component()] - Component (shell_command) loaded
2023-10-05 23:17:17,310 [machine.py:__init__()] - Using System Provider: systemd_dbus
2023-10-05 23:17:17,311 [app.py:register_local_handler()] - Registering HTTP Endpoint: (POST) /machine/reboot
2023-10-05 23:17:17,313 [websockets.py:register_api_handler()] - Registering Websocket JSON-RPC methods: machine.reboot
2023-10-05 23:17:17,314 [app.py:register_local_handler()] - Registering HTTP Endpoint: (POST) /machine/shutdown
2023-10-05 23:17:17,317 [websockets.py:register_api_handler()] - Registering Websocket JSON-RPC methods: machine.shutdown
2023-10-05 23:17:17,318 [app.py:register_local_handler()] - Registering HTTP Endpoint: (POST) /machine/services/restart
2023-10-05 23:17:17,321 [websockets.py:register_api_handler()] - Registering Websocket JSON-RPC methods: machine.services.restart
2023-10-05 23:17:17,322 [app.py:register_local_handler()] - Registering HTTP Endpoint: (POST) /machine/services/stop
2023-10-05 23:17:17,324 [websockets.py:register_api_handler()] - Registering Websocket JSON-RPC methods: machine.services.stop
2023-10-05 23:17:17,325 [app.py:register_local_handler()] - Registering HTTP Endpoint: (POST) /machine/services/start
2023-10-05 23:17:17,328 [websockets.py:register_api_handler()] - Registering Websocket JSON-RPC methods: machine.services.start
2023-10-05 23:17:17,329 [app.py:register_local_handler()] - Registering HTTP Endpoint: (GET) /machine/system_info
2023-10-05 23:17:17,332 [websockets.py:register_api_handler()] - Registering Websocket JSON-RPC methods: machine.system_info
2023-10-05 23:17:17,335 [moonraker.py:load_component()] - Component (machine) loaded
2023-10-05 23:17:17,345 [app.py:register_local_handler()] - Registering HTTP Endpoint: (GET) /server/temperature_store
2023-10-05 23:17:17,347 [websockets.py:register_api_handler()] - Registering Websocket JSON-RPC methods: server.temperature_store
2023-10-05 23:17:17,348 [app.py:register_local_handler()] - Registering HTTP Endpoint: (GET) /server/gcode_store
2023-10-05 23:17:17,350 [websockets.py:register_api_handler()] - Registering Websocket JSON-RPC methods: server.gcode_store
2023-10-05 23:17:17,350 [moonraker.py:load_component()] - Component (data_store) loaded
2023-10-05 23:17:17,358 [proc_stats.py:__init__()] - Unable to find 'vcgencmd', throttle checking disabled
2023-10-05 23:17:17,360 [app.py:register_local_handler()] - Registering HTTP Endpoint: (GET) /machine/proc_stats
2023-10-05 23:17:17,362 [websockets.py:register_api_handler()] - Registering Websocket JSON-RPC methods: machine.proc_stats
2023-10-05 23:17:17,363 [moonraker.py:load_component()] - Component (proc_stats) loaded
2023-10-05 23:17:17,368 [moonraker.py:load_component()] - Component (job_state) loaded
2023-10-05 23:17:17,376 [app.py:register_local_handler()] - Registering HTTP Endpoint: (POST DELETE) /server/job_queue/job
2023-10-05 23:17:17,379 [websockets.py:register_api_handler()] - Registering Websocket JSON-RPC methods: server.job_queue.post_job, server.job_queue.delete_job
2023-10-05 23:17:17,379 [app.py:register_local_handler()] - Registering HTTP Endpoint: (POST) /server/job_queue/pause
2023-10-05 23:17:17,382 [websockets.py:register_api_handler()] - Registering Websocket JSON-RPC methods: server.job_queue.pause
2023-10-05 23:17:17,382 [app.py:register_local_handler()] - Registering HTTP Endpoint: (POST) /server/job_queue/start
2023-10-05 23:17:17,385 [websockets.py:register_api_handler()] - Registering Websocket JSON-RPC methods: server.job_queue.start
2023-10-05 23:17:17,386 [app.py:register_local_handler()] - Registering HTTP Endpoint: (GET) /server/job_queue/status
2023-10-05 23:17:17,387 [websockets.py:register_api_handler()] - Registering Websocket JSON-RPC methods: server.job_queue.status
2023-10-05 23:17:17,388 [moonraker.py:load_component()] - Component (job_queue) loaded
2023-10-05 23:17:17,422 [moonraker.py:load_component()] - Component (http_client) loaded
2023-10-05 23:17:17,430 [app.py:register_local_handler()] - Registering HTTP Endpoint: (GET) /server/announcements/list
2023-10-05 23:17:17,433 [websockets.py:register_api_handler()] - Registering Websocket JSON-RPC methods: server.announcements.list
2023-10-05 23:17:17,433 [app.py:register_local_handler()] - Registering HTTP Endpoint: (POST) /server/announcements/dismiss
2023-10-05 23:17:17,435 [websockets.py:register_api_handler()] - Registering Websocket JSON-RPC methods: server.announcements.dismiss
2023-10-05 23:17:17,435 [app.py:register_local_handler()] - Registering HTTP Endpoint: (POST) /server/announcements/update
2023-10-05 23:17:17,437 [websockets.py:register_api_handler()] - Registering Websocket JSON-RPC methods: server.announcements.update
2023-10-05 23:17:17,437 [app.py:register_local_handler()] - Registering HTTP Endpoint: (POST DELETE) /server/announcements/feed
2023-10-05 23:17:17,439 [websockets.py:register_api_handler()] - Registering Websocket JSON-RPC methods: server.announcements.post_feed, server.announcements.delete_feed
2023-10-05 23:17:17,439 [app.py:register_local_handler()] - Registering HTTP Endpoint: (GET) /server/announcements/feeds
2023-10-05 23:17:17,441 [websockets.py:register_api_handler()] - Registering Websocket JSON-RPC methods: server.announcements.feeds
2023-10-05 23:17:17,441 [moonraker.py:load_component()] - Component (announcements) loaded
2023-10-05 23:17:17,459 [app.py:register_local_handler()] - Registering HTTP Endpoint: (GET) /server/webcams/list
2023-10-05 23:17:17,461 [websockets.py:register_api_handler()] - Registering Websocket JSON-RPC methods: server.webcams.list
2023-10-05 23:17:17,461 [app.py:register_local_handler()] - Registering HTTP Endpoint: (GET POST DELETE) /server/webcams/item
2023-10-05 23:17:17,462 [websockets.py:register_api_handler()] - Registering Websocket JSON-RPC methods: server.webcams.get_item, server.webcams.post_item, server.webcams.delete_item
2023-10-05 23:17:17,463 [app.py:register_local_handler()] - Registering HTTP Endpoint: (POST) /server/webcams/test
2023-10-05 23:17:17,464 [websockets.py:register_api_handler()] - Registering Websocket JSON-RPC methods: server.webcams.test
2023-10-05 23:17:17,464 [moonraker.py:load_component()] - Component (webcam) loaded
2023-10-05 23:17:17,469 [websockets.py:register_api_handler()] - Registering Websocket JSON-RPC methods: connection.send_event
2023-10-05 23:17:17,470 [app.py:register_local_handler()] - Registering HTTP Endpoint: (GET) /server/extensions/list
2023-10-05 23:17:17,472 [websockets.py:register_api_handler()] - Registering Websocket JSON-RPC methods: server.extensions.list
2023-10-05 23:17:17,472 [app.py:register_local_handler()] - Registering HTTP Endpoint: (POST) /server/extensions/request
2023-10-05 23:17:17,474 [websockets.py:register_api_handler()] - Registering Websocket JSON-RPC methods: server.extensions.request
2023-10-05 23:17:17,474 [moonraker.py:load_component()] - Component (extensions) loaded
2023-10-05 23:17:17,524 [authorization.py:__init__()] - Authorization Configuration Loaded
Trusted Clients:
10.0.0.0/8
127.0.0.0/8
169.254.0.0/16
172.16.0.0/12
192.168.0.0/16
fe80::/10
::1/128
CORS Domains:
http://.*\.lan
http://.*\.local
https://my\.mainsail\.xyz
http://my\.mainsail\.xyz
https://app\.fluidd\.xyz
http://app\.fluidd\.xyz
2023-10-05 23:17:17,524 [app.py:register_local_handler()] - Registering HTTP Endpoint: (POST) /access/login
2023-10-05 23:17:17,525 [app.py:register_local_handler()] - Registering HTTP Endpoint: (POST) /access/logout
2023-10-05 23:17:17,527 [app.py:register_local_handler()] - Registering HTTP Endpoint: (POST) /access/refresh_jwt
2023-10-05 23:17:17,528 [app.py:register_local_handler()] - Registering HTTP Endpoint: (GET POST DELETE) /access/user
2023-10-05 23:17:17,529 [app.py:register_local_handler()] - Registering HTTP Endpoint: (GET) /access/users/list
2023-10-05 23:17:17,531 [app.py:register_local_handler()] - Registering HTTP Endpoint: (POST) /access/user/password
2023-10-05 23:17:17,532 [app.py:register_local_handler()] - Registering HTTP Endpoint: (GET POST) /access/api_key
2023-10-05 23:17:17,533 [app.py:register_local_handler()] - Registering HTTP Endpoint: (GET) /access/oneshot_token
2023-10-05 23:17:17,535 [app.py:register_local_handler()] - Registering HTTP Endpoint: (GET) /access/info
2023-10-05 23:17:17,538 [moonraker.py:load_component()] - Component (authorization) loaded
2023-10-05 23:17:17,551 [app.py:register_local_handler()] - Registering HTTP Endpoint: (GET) /api/version
2023-10-05 23:17:17,552 [app.py:register_local_handler()] - Registering HTTP Endpoint: (GET) /api/server
2023-10-05 23:17:17,554 [app.py:register_local_handler()] - Registering HTTP Endpoint: (POST) /api/login
2023-10-05 23:17:17,555 [app.py:register_local_handler()] - Registering HTTP Endpoint: (GET) /api/currentuser
2023-10-05 23:17:17,557 [app.py:register_local_handler()] - Registering HTTP Endpoint: (GET) /api/settings
2023-10-05 23:17:17,558 [app.py:register_local_handler()] - Registering HTTP Endpoint: (GET) /api/job
2023-10-05 23:17:17,559 [app.py:register_local_handler()] - Registering HTTP Endpoint: (GET) /api/printer
2023-10-05 23:17:17,561 [app.py:register_local_handler()] - Registering HTTP Endpoint: (POST) /api/printer/command
2023-10-05 23:17:17,562 [app.py:register_local_handler()] - Registering HTTP Endpoint: (GET) /api/printerprofiles
2023-10-05 23:17:17,565 [app.py:register_local_handler()] - Registering HTTP Endpoint: (POST) /api/files/moonraker/(?P<relative_path>.+)
2023-10-05 23:17:17,567 [moonraker.py:load_component()] - Component (octoprint_compat) loaded
2023-10-05 23:17:17,575 [app.py:register_local_handler()] - Registering HTTP Endpoint: (GET DELETE) /server/history/job
2023-10-05 23:17:17,577 [websockets.py:register_api_handler()] - Registering Websocket JSON-RPC methods: server.history.get_job, server.history.delete_job
2023-10-05 23:17:17,577 [app.py:register_local_handler()] - Registering HTTP Endpoint: (GET) /server/history/list
2023-10-05 23:17:17,579 [websockets.py:register_api_handler()] - Registering Websocket JSON-RPC methods: server.history.list
2023-10-05 23:17:17,579 [app.py:register_local_handler()] - Registering HTTP Endpoint: (GET) /server/history/totals
2023-10-05 23:17:17,581 [websockets.py:register_api_handler()] - Registering Websocket JSON-RPC methods: server.history.totals
2023-10-05 23:17:17,581 [app.py:register_local_handler()] - Registering HTTP Endpoint: (POST) /server/history/reset_totals
2023-10-05 23:17:17,582 [websockets.py:register_api_handler()] - Registering Websocket JSON-RPC methods: server.history.reset_totals
2023-10-05 23:17:17,590 [moonraker.py:load_component()] - Component (history) loaded
2023-10-05 23:17:17,593 [moonraker.py:_initialize_component()] - Performing Component Post Init: [dbus_manager]
2023-10-05 23:17:17,639 [moonraker.py:_initialize_component()] - Performing Component Post Init: [file_manager]
2023-10-05 23:17:17,666 [moonraker.py:_initialize_component()] - Performing Component Post Init: [machine]
2023-10-05 23:17:18,090 [machine.py:check_virt_status()] - No Virtualization Detected
2023-10-05 23:17:18,112 [moonraker.py:_initialize_component()] - Performing Component Post Init: [proc_stats]
2023-10-05 23:17:18,113 [moonraker.py:_initialize_component()] - Performing Component Post Init: [announcements]
2023-10-05 23:17:18,117 [moonraker.py:_initialize_component()] - Performing Component Post Init: [webcam]
2023-10-05 23:17:18,651 [machine.py:_get_wifi_interfaces()] - Failed to run 'iwgetid' command
Traceback (most recent call last):
  File "/home/mks/moonraker/moonraker/components/machine.py", line 457, in _get_wifi_interfaces
    resp = await self.iwgetid_cmd.run_with_response(log_complete=False)
  File "/home/mks/moonraker/moonraker/components/shell_command.py", line 269, in run_with_response
    self.return_code, stdout, stderr)
components.shell_command.ShellCommandError: Error running shell command: '['/sbin/iwgetid']'
2023-10-05 23:17:18,656 [moonraker.py:_initialize_component()] - Performing Component Post Init: [authorization]
2023-10-05 23:17:18,664 [moonraker.py:start_server()] - Starting Moonraker on (0.0.0.0, 7125), Hostname: mkspi
2023-10-05 23:17:18,668 [app.py:listen()] - SSL Certificate/Key not configured, aborting HTTPS Server startup
2023-10-05 23:17:18,922 [klippy_connection.py:_do_connect()] - Klippy Connection Established
2023-10-05 23:17:18,922 [klippy_connection.py:_get_peer_credentials()] - Failed to get Klippy Peer Credentials, raw: 0x6d050000e8030000e8030000
Traceback (most recent call last):
  File "/home/mks/moonraker/moonraker/klippy_connection.py", line 239, in _get_peer_credentials
    pid, uid, gid = struct.unpack("@LLL", data)
struct.error: unpack requires a buffer of 24 bytes
2023-10-05 23:17:19,180 [klippy_connection.py:_init_klippy_connection()] - Webhooks Subscribed
2023-10-05 23:17:19,186 [klippy_connection.py:_init_klippy_connection()] - GCode Output Subscribed
2023-10-05 23:17:19,194 [moonraker.py:add_log_rollover_item()] - Klipper Version: v0.10.0-530-g3387a9c2-dirty
2023-10-05 23:17:19,719 [app.py:register_remote_handler()] - Registering HTTP endpoint: (GET POST) /printer/info
2023-10-05 23:17:19,721 [websockets.py:register_api_handler()] - Registering Websocket JSON-RPC methods: printer.info
2023-10-05 23:17:19,721 [app.py:register_remote_handler()] - Registering HTTP endpoint: (GET POST) /printer/query_endstops/status
2023-10-05 23:17:19,722 [websockets.py:register_api_handler()] - Registering Websocket JSON-RPC methods: printer.query_endstops.status
2023-10-05 23:17:19,723 [app.py:register_remote_handler()] - Registering HTTP endpoint: (GET POST) /printer/emergency_stop
2023-10-05 23:17:19,724 [websockets.py:register_api_handler()] - Registering Websocket JSON-RPC methods: printer.emergency_stop
2023-10-05 23:17:19,724 [app.py:register_remote_handler()] - Registering HTTP endpoint: (GET POST) /printer/pause_resume/pause
2023-10-05 23:17:19,726 [websockets.py:register_api_handler()] - Registering Websocket JSON-RPC methods: printer.pause_resume.pause
2023-10-05 23:17:19,726 [app.py:register_remote_handler()] - Registering HTTP endpoint: (GET POST) /printer/objects/query
2023-10-05 23:17:19,728 [websockets.py:register_api_handler()] - Registering Websocket JSON-RPC methods: printer.objects.query
2023-10-05 23:17:19,728 [app.py:register_remote_handler()] - Registering HTTP endpoint: (GET POST) /printer/objects/list
2023-10-05 23:17:19,729 [websockets.py:register_api_handler()] - Registering Websocket JSON-RPC methods: printer.objects.list
2023-10-05 23:17:19,730 [app.py:register_remote_handler()] - Registering HTTP endpoint: (GET POST) /printer/motion_report/dump_stepper
2023-10-05 23:17:19,731 [websockets.py:register_api_handler()] - Registering Websocket JSON-RPC methods: printer.motion_report.dump_stepper
2023-10-05 23:17:19,732 [app.py:register_remote_handler()] - Registering HTTP endpoint: (GET POST) /printer/gcode/firmware_restart
2023-10-05 23:17:19,733 [websockets.py:register_api_handler()] - Registering Websocket JSON-RPC methods: printer.gcode.firmware_restart
2023-10-05 23:17:19,734 [app.py:register_remote_handler()] - Registering HTTP endpoint: (GET POST) /printer/objects/subscribe
2023-10-05 23:17:19,735 [websockets.py:register_api_handler()] - Registering Websocket JSON-RPC methods: printer.objects.subscribe
2023-10-05 23:17:19,735 [app.py:register_remote_handler()] - Registering HTTP endpoint: (GET POST) /printer/gcode/script
2023-10-05 23:17:19,737 [websockets.py:register_api_handler()] - Registering Websocket JSON-RPC methods: printer.gcode.script
2023-10-05 23:17:19,737 [app.py:register_remote_handler()] - Registering HTTP endpoint: (GET POST) /printer/gcode/help
2023-10-05 23:17:19,739 [websockets.py:register_api_handler()] - Registering Websocket JSON-RPC methods: printer.gcode.help
2023-10-05 23:17:19,739 [app.py:register_remote_handler()] - Registering HTTP endpoint: (GET POST) /printer/pause_resume/resume
2023-10-05 23:17:19,740 [websockets.py:register_api_handler()] - Registering Websocket JSON-RPC methods: printer.pause_resume.resume
2023-10-05 23:17:19,741 [app.py:register_remote_handler()] - Registering HTTP endpoint: (GET POST) /printer/motion_report/dump_trapq
2023-10-05 23:17:19,742 [websockets.py:register_api_handler()] - Registering Websocket JSON-RPC methods: printer.motion_report.dump_trapq
2023-10-05 23:17:19,743 [app.py:register_remote_handler()] - Registering HTTP endpoint: (GET POST) /printer/pause_resume/cancel
2023-10-05 23:17:19,744 [websockets.py:register_api_handler()] - Registering Websocket JSON-RPC methods: printer.pause_resume.cancel
2023-10-05 23:17:19,745 [app.py:register_remote_handler()] - Registering HTTP endpoint: (GET POST) /printer/gcode/restart
2023-10-05 23:17:19,746 [websockets.py:register_api_handler()] - Registering Websocket JSON-RPC methods: printer.gcode.restart
2023-10-05 23:17:19,932 [job_state.py:_handle_started()] - Job state initialized: standby
2023-10-05 23:17:20,183 [announcements.py:_fetch_moonlight()] - Failed to update subscription 'moonraker': [Errno -2] Name or service not known
2023-10-05 23:17:20,221 [klippy_connection.py:_check_ready()] - Klippy ready
2023-10-05 23:17:20,686 [data_store.py:_init_sensors()] - Configuring available sensors: ['heater_bed', 'heater_generic heater_bed1', 'extruder']
2023-10-05 23:17:22,317 [authorization.py:_check_trusted_connection()] - Trusted Connection Detected, IP: 127.0.0.1
2023-10-05 23:17:22,321 [app.py:log_request()] - 101 GET /websocket? (127.0.0.1) [_TRUSTED_USER_] 7.44ms
2023-10-05 23:17:22,322 [websockets.py:open()] - Websocket Opened: ID: 281473071110856, Proxied: False, User Agent: WebSocket++/0.8.1, Host Name: localhost
2023-10-05 23:17:25,527 [klippy_connection.py:close()] - Error closing Klippy Unix Socket
Traceback (most recent call last):
  File "/home/mks/moonraker/moonraker/klippy_connection.py", line 563, in close
    await self.writer.wait_closed()
  File "/usr/lib/python3.7/asyncio/streams.py", line 323, in wait_closed
    await self._protocol._closed
  File "/home/mks/moonraker/moonraker/klippy_connection.py", line 123, in _read_stream
    data = await reader.readuntil(b'\x03')
  File "/usr/lib/python3.7/asyncio/streams.py", line 588, in readuntil
    await self._wait_for_data('readuntil')
  File "/usr/lib/python3.7/asyncio/streams.py", line 473, in _wait_for_data
    await self._waiter
  File "/usr/lib/python3.7/asyncio/selector_events.py", line 801, in _read_ready__data_received
    data = self._sock.recv(self.max_size)
ConnectionResetError: [Errno 104] Connection reset by peer
2023-10-05 23:17:25,527 [klippy_connection.py:_on_connection_closed()] - Klippy Connection Removed
2023-10-05 23:17:25,531 [websockets.py:build_error()] - JSON-RPC Request Error: 503
Klippy Disconnected
Traceback (most recent call last):
  File "/home/mks/moonraker/moonraker/websockets.py", line 253, in execute_method
    result = await callback(params)
  File "/home/mks/moonraker/moonraker/websockets.py", line 351, in func
    user=ws.current_user))
  File "/home/mks/moonraker/moonraker/klippy_connection.py", line 468, in request
    return await self._request_standard(web_request)
  File "/home/mks/moonraker/moonraker/klippy_connection.py", line 523, in _request_standard
    return await base_request.wait()
  File "/home/mks/moonraker/moonraker/klippy_connection.py", line 594, in wait
    raise self.response
utils.ServerError: Klippy Disconnected
2023-10-05 23:17:26,480 [websockets.py:build_error()] - JSON-RPC Request Error: 503
Klippy Host not connected
Traceback (most recent call last):
  File "/home/mks/moonraker/moonraker/websockets.py", line 253, in execute_method
    result = await callback(params)
  File "/home/mks/moonraker/moonraker/websockets.py", line 351, in func
    user=ws.current_user))
  File "/home/mks/moonraker/moonraker/klippy_connection.py", line 458, in request
    raise ServerError("Klippy Host not connected", 503)
utils.ServerError: Klippy Host not connected
2023-10-05 23:17:26,792 [klippy_connection.py:_do_connect()] - Klippy Connection Established
2023-10-05 23:17:26,793 [klippy_connection.py:_get_peer_credentials()] - Failed to get Klippy Peer Credentials, raw: 0x6d050000e8030000e8030000
Traceback (most recent call last):
  File "/home/mks/moonraker/moonraker/klippy_connection.py", line 239, in _get_peer_credentials
    pid, uid, gid = struct.unpack("@LLL", data)
struct.error: unpack requires a buffer of 24 bytes
2023-10-05 23:17:27,072 [klippy_connection.py:_init_klippy_connection()] - Webhooks Subscribed
2023-10-05 23:17:27,082 [klippy_connection.py:_init_klippy_connection()] - GCode Output Subscribed
2023-10-06 07:56:57,173 [job_state.py:_handle_started()] - Job state initialized: standby
2023-10-06 07:56:57,453 [klippy_connection.py:_check_ready()] - Klippy ready
2023-10-06 07:56:57,927 [data_store.py:_init_sensors()] - Configuring available sensors: ['heater_bed', 'heater_generic heater_bed1', 'extruder']
2023-10-06 07:57:18,744 [authorization.py:_check_trusted_connection()] - Trusted Connection Detected, IP: 192.168.2.248
2023-10-06 07:57:19,101 [app.py:log_request()] - 101 GET /websocket?token=AC2D2GLYDUMMUQBPUFCFRXNSYOKPDHSZ (192.168.2.248) [_TRUSTED_USER_] 4.28ms
2023-10-06 07:57:19,102 [websockets.py:open()] - Websocket Opened: ID: 281473071090376, Proxied: True, User Agent: Mozilla/5.0 (X11; Linux x86_64; rv:109.0) Gecko/20100101 Firefox/115.0, Host Name: 192.168.2.227
2023-10-06 07:57:19,111 [websockets.py:_handle_identify()] - Websocket 281473071090376 Client Identified - Name: fluidd, Version: 1.19.0-6184c73, Type: web
2023-10-06 08:01:37,869 [authorization.py:_prune_conn_handler()] - Trusted Connection Expired, IP: 127.0.0.1
2023-10-06 08:02:52,425 [shell_command.py:run_with_response()] - /home/mks/moonraker-env/bin/python: Object Processing is disabled
Traceback (most recent call last):
  File "/home/mks/moonraker/moonraker/components/file_manager/metadata.py", line 963, in main
    metadata = extract_metadata(file_path, check_objects)
  File "/home/mks/moonraker/moonraker/components/file_manager/metadata.py", line 914, in extract_metadata
    func = getattr(slicer, "parse_" + key)
AttributeError: 'PrusaSlicer' object has no attribute 'parse_gimage'


2023-10-06 08:02:52,426 [shell_command.py:_check_proc_success()] - Command (/home/mks/moonraker-env/bin/python /home/mks/moonraker/moonraker/components/file_manager/metadata.py -p /home/mks/gcode_files -f "3D_Printer_test_fixed_stl_3rd_gen.gcode") exited with return code 255
2023-10-06 08:02:52,927 [file_manager.py:_process_metadata_update()] - Error running extract_metadata.py
Traceback (most recent call last):
  File "/home/mks/moonraker/moonraker/components/file_manager/file_manager.py", line 1748, in _process_metadata_update
    await self._run_extract_metadata(fname, ufp_path)
  File "/home/mks/moonraker/moonraker/components/file_manager/file_manager.py", line 1788, in _run_extract_metadata
    result = await scmd.run_with_response(timeout=timeout)
  File "/home/mks/moonraker/moonraker/components/shell_command.py", line 269, in run_with_response
    self.return_code, stdout, stderr)
components.shell_command.ShellCommandError: Error running shell command: '['/home/mks/moonraker-env/bin/python', '/home/mks/moonraker/moonraker/components/file_manager/metadata.py', '-p', '/home/mks/gcode_files', '-f', '3D_Printer_test_fixed_stl_3rd_gen.gcode']'
2023-10-06 08:02:53,410 [shell_command.py:run_with_response()] - /home/mks/moonraker-env/bin/python: Object Processing is disabled
Traceback (most recent call last):
  File "/home/mks/moonraker/moonraker/components/file_manager/metadata.py", line 963, in main
    metadata = extract_metadata(file_path, check_objects)
  File "/home/mks/moonraker/moonraker/components/file_manager/metadata.py", line 914, in extract_metadata
    func = getattr(slicer, "parse_" + key)
AttributeError: 'PrusaSlicer' object has no attribute 'parse_gimage'


2023-10-06 08:02:53,411 [shell_command.py:_check_proc_success()] - Command (/home/mks/moonraker-env/bin/python /home/mks/moonraker/moonraker/components/file_manager/metadata.py -p /home/mks/gcode_files -f "3D_Printer_test_fixed_stl_3rd_gen.gcode") exited with return code 255
2023-10-06 08:02:53,913 [file_manager.py:_process_metadata_update()] - Error running extract_metadata.py
Traceback (most recent call last):
  File "/home/mks/moonraker/moonraker/components/file_manager/file_manager.py", line 1748, in _process_metadata_update
    await self._run_extract_metadata(fname, ufp_path)
  File "/home/mks/moonraker/moonraker/components/file_manager/file_manager.py", line 1788, in _run_extract_metadata
    result = await scmd.run_with_response(timeout=timeout)
  File "/home/mks/moonraker/moonraker/components/shell_command.py", line 269, in run_with_response
    self.return_code, stdout, stderr)
components.shell_command.ShellCommandError: Error running shell command: '['/home/mks/moonraker-env/bin/python', '/home/mks/moonraker/moonraker/components/file_manager/metadata.py', '-p', '/home/mks/gcode_files', '-f', '3D_Printer_test_fixed_stl_3rd_gen.gcode']'
2023-10-06 08:02:54,393 [shell_command.py:run_with_response()] - /home/mks/moonraker-env/bin/python: Object Processing is disabled
Traceback (most recent call last):
  File "/home/mks/moonraker/moonraker/components/file_manager/metadata.py", line 963, in main
    metadata = extract_metadata(file_path, check_objects)
  File "/home/mks/moonraker/moonraker/components/file_manager/metadata.py", line 914, in extract_metadata
    func = getattr(slicer, "parse_" + key)
AttributeError: 'PrusaSlicer' object has no attribute 'parse_gimage'


2023-10-06 08:02:54,393 [shell_command.py:_check_proc_success()] - Command (/home/mks/moonraker-env/bin/python /home/mks/moonraker/moonraker/components/file_manager/metadata.py -p /home/mks/gcode_files -f "3D_Printer_test_fixed_stl_3rd_gen.gcode") exited with return code 255
2023-10-06 08:02:54,895 [file_manager.py:_process_metadata_update()] - Error running extract_metadata.py
Traceback (most recent call last):
  File "/home/mks/moonraker/moonraker/components/file_manager/file_manager.py", line 1748, in _process_metadata_update
    await self._run_extract_metadata(fname, ufp_path)
  File "/home/mks/moonraker/moonraker/components/file_manager/file_manager.py", line 1788, in _run_extract_metadata
    result = await scmd.run_with_response(timeout=timeout)
  File "/home/mks/moonraker/moonraker/components/shell_command.py", line 269, in run_with_response
    self.return_code, stdout, stderr)
components.shell_command.ShellCommandError: Error running shell command: '['/home/mks/moonraker-env/bin/python', '/home/mks/moonraker/moonraker/components/file_manager/metadata.py', '-p', '/home/mks/gcode_files', '-f', '3D_Printer_test_fixed_stl_3rd_gen.gcode']'
2023-10-06 08:02:54,896 [file_manager.py:_process_metadata_update()] - Unable to extract medatadata from file: 3D_Printer_test_fixed_stl_3rd_gen.gcode
2023-10-06 08:02:54,915 [app.py:log_request()] - 201 POST /server/files/upload (192.168.2.248) [_TRUSTED_USER_] 4864.41ms
2023-10-06 08:02:54,969 [job_state.py:_status_update()] - Job Started: 3D_Printer_test_fixed_stl_3rd_gen.gcode
2023-10-06 08:03:55,095 [klippy_connection.py:wait()] - Request 'gcode/script' pending: 60.00 seconds
2023-10-06 08:04:17,345 [klippy_connection.py:wait()] - Request 'pause_resume/cancel' pending: 60.00 seconds
2023-10-06 08:04:55,097 [klippy_connection.py:wait()] - Request 'gcode/script' pending: 120.00 seconds
2023-10-06 08:05:09,200 [klippy_connection.py:wait()] - Request 'gcode/script' pending: 60.00 seconds
2023-10-06 08:05:13,245 [websockets.py:build_error()] - JSON-RPC Request Error: 400
{'message': "Extrude below minimum temp\nSee the 'min_extrude_temp' config option for details", 'error': 'WebRequestError'}
Traceback (most recent call last):
  File "/home/mks/moonraker/moonraker/websockets.py", line 253, in execute_method
    result = await callback(params)
  File "/home/mks/moonraker/moonraker/websockets.py", line 364, in func
    ip_addr=ws.ip_addr, user=ws.current_user))
  File "/home/mks/moonraker/moonraker/components/klippy_apis.py", line 71, in _gcode_cancel
    return await self.cancel_print()
  File "/home/mks/moonraker/moonraker/components/klippy_apis.py", line 140, in cancel_print
    "pause_resume/cancel", {}, default)
  File "/home/mks/moonraker/moonraker/components/klippy_apis.py", line 90, in _send_klippy_request
    WebRequest(method, params, conn=self))
  File "/home/mks/moonraker/moonraker/klippy_connection.py", line 468, in request
    return await self._request_standard(web_request)
  File "/home/mks/moonraker/moonraker/klippy_connection.py", line 523, in _request_standard
    return await base_request.wait()
  File "/home/mks/moonraker/moonraker/klippy_connection.py", line 594, in wait
    raise self.response
utils.ServerError: {'message': "Extrude below minimum temp\nSee the 'min_extrude_temp' config option for details", 'error': 'WebRequestError'}
2023-10-06 09:06:37,883 [authorization.py:_prune_conn_handler()] - Trusted Connection Expired, IP: 192.168.2.248
2023-10-06 10:54:28,619 [klippy_connection.py:_process_status_update()] - Klippy has shutdown
2023-10-06 10:54:28,642 [proc_stats.py:_handle_shutdown()] - 
Moonraker System Usage Statistics:
System Time: 1696560839.377632, Usage: 6.98%, Memory: 34220 kB
System Time: 1696560840.347455, Usage: 12.79%, Memory: 34220 kB
System Time: 1696560841.348655, Usage: 4.49%, Memory: 34220 kB
System Time: 1696560842.348731, Usage: 3.83%, Memory: 34220 kB
System Time: 1696560843.349435, Usage: 2.97%, Memory: 34220 kB
System Time: 1696560844.349958, Usage: 3.32%, Memory: 34220 kB
System Time: 1696560845.350627, Usage: 4.99%, Memory: 34220 kB
System Time: 1696560846.356621, Usage: 3.48%, Memory: 34220 kB
System Time: 1696560847.353412, Usage: 3.74%, Memory: 34220 kB
System Time: 1696560848.354094, Usage: 2.95%, Memory: 34220 kB
System Time: 1696560849.355339, Usage: 3.48%, Memory: 34220 kB
System Time: 1696560850.356190, Usage: 3.11%, Memory: 34220 kB
System Time: 1696560851.357954, Usage: 6.68%, Memory: 34220 kB
System Time: 1696560852.358824, Usage: 3.28%, Memory: 34220 kB
System Time: 1696560853.359267, Usage: 3.45%, Memory: 34220 kB
System Time: 1696560854.359493, Usage: 2.98%, Memory: 34220 kB
System Time: 1696560855.360991, Usage: 3.25%, Memory: 34220 kB
System Time: 1696560856.362536, Usage: 3.07%, Memory: 34220 kB
System Time: 1696560857.367735, Usage: 5.19%, Memory: 34220 kB
System Time: 1696560858.364254, Usage: 3.69%, Memory: 34220 kB
System Time: 1696560859.365443, Usage: 3.33%, Memory: 34220 kB
System Time: 1696560860.366378, Usage: 3.2%, Memory: 34220 kB
System Time: 1696560861.367779, Usage: 4.43%, Memory: 34220 kB
System Time: 1696560862.368790, Usage: 3.67%, Memory: 34220 kB
System Time: 1696560863.369806, Usage: 4.94%, Memory: 34220 kB
System Time: 1696560864.370165, Usage: 3.13%, Memory: 34220 kB
System Time: 1696560865.371028, Usage: 3.04%, Memory: 34220 kB
System Time: 1696560866.372691, Usage: 5.45%, Memory: 34220 kB
System Time: 1696560867.375414, Usage: 2.86%, Memory: 34220 kB
System Time: 1696560868.383440, Usage: 2.62%, Memory: 34220 kB
CPU Temperature: 44.09
2023-10-06 10:54:28,669 [websockets.py:build_error()] - JSON-RPC Request Error: 400
{'message': 'Lost communication with MCU \'mcu\'\nOnce the underlying issue is corrected, use the\n"FIRMWARE_RESTART" command to reset the firmware, reload the\nconfig, and restart the host software.\nPrinter is shutdown\n', 'error': 'WebRequestError'}
Traceback (most recent call last):
  File "/home/mks/moonraker/moonraker/websockets.py", line 253, in execute_method
    result = await callback(params)
  File "/home/mks/moonraker/moonraker/websockets.py", line 351, in func
    user=ws.current_user))
  File "/home/mks/moonraker/moonraker/klippy_connection.py", line 468, in request
    return await self._request_standard(web_request)
  File "/home/mks/moonraker/moonraker/klippy_connection.py", line 523, in _request_standard
    return await base_request.wait()
  File "/home/mks/moonraker/moonraker/klippy_connection.py", line 594, in wait
    raise self.response
utils.ServerError: {'message': 'Lost communication with MCU \'mcu\'\nOnce the underlying issue is corrected, use the\n"FIRMWARE_RESTART" command to reset the firmware, reload the\nconfig, and restart the host software.\nPrinter is shutdown\n', 'error': 'WebRequestError'}
2023-10-06 10:54:28,678 [websockets.py:build_error()] - JSON-RPC Request Error: 400
{'message': 'SDCARD_RESET_FILE cannot be run from the sdcard', 'error': 'WebRequestError'}
Traceback (most recent call last):
  File "/home/mks/moonraker/moonraker/websockets.py", line 253, in execute_method
    result = await callback(params)
  File "/home/mks/moonraker/moonraker/websockets.py", line 351, in func
    user=ws.current_user))
  File "/home/mks/moonraker/moonraker/klippy_connection.py", line 468, in request
    return await self._request_standard(web_request)
  File "/home/mks/moonraker/moonraker/klippy_connection.py", line 523, in _request_standard
    return await base_request.wait()
  File "/home/mks/moonraker/moonraker/klippy_connection.py", line 594, in wait
    raise self.response
utils.ServerError: {'message': 'SDCARD_RESET_FILE cannot be run from the sdcard', 'error': 'WebRequestError'}
2023-10-06 10:54:28,686 [websockets.py:build_error()] - JSON-RPC Request Error: 400
{'message': 'Lost communication with MCU \'mcu\'\nOnce the underlying issue is corrected, use the\n"FIRMWARE_RESTART" command to reset the firmware, reload the\nconfig, and restart the host software.\nPrinter is shutdown\n', 'error': 'WebRequestError'}
Traceback (most recent call last):
  File "/home/mks/moonraker/moonraker/websockets.py", line 253, in execute_method
    result = await callback(params)
  File "/home/mks/moonraker/moonraker/websockets.py", line 351, in func
    user=ws.current_user))
  File "/home/mks/moonraker/moonraker/klippy_connection.py", line 468, in request
    return await self._request_standard(web_request)
  File "/home/mks/moonraker/moonraker/klippy_connection.py", line 523, in _request_standard
    return await base_request.wait()
  File "/home/mks/moonraker/moonraker/klippy_connection.py", line 594, in wait
    raise self.response
utils.ServerError: {'message': 'Lost communication with MCU \'mcu\'\nOnce the underlying issue is corrected, use the\n"FIRMWARE_RESTART" command to reset the firmware, reload the\nconfig, and restart the host software.\nPrinter is shutdown\n', 'error': 'WebRequestError'}
2023-10-06 10:54:28,691 [websockets.py:build_error()] - JSON-RPC Request Error: 400
{'message': 'Lost communication with MCU \'mcu\'\nOnce the underlying issue is corrected, use the\n"FIRMWARE_RESTART" command to reset the firmware, reload the\nconfig, and restart the host software.\nPrinter is shutdown\n', 'error': 'WebRequestError'}
Traceback (most recent call last):
  File "/home/mks/moonraker/moonraker/websockets.py", line 253, in execute_method
    result = await callback(params)
  File "/home/mks/moonraker/moonraker/websockets.py", line 351, in func
    user=ws.current_user))
  File "/home/mks/moonraker/moonraker/klippy_connection.py", line 468, in request
    return await self._request_standard(web_request)
  File "/home/mks/moonraker/moonraker/klippy_connection.py", line 523, in _request_standard
    return await base_request.wait()
  File "/home/mks/moonraker/moonraker/klippy_connection.py", line 594, in wait
    raise self.response
utils.ServerError: {'message': 'Lost communication with MCU \'mcu\'\nOnce the underlying issue is corrected, use the\n"FIRMWARE_RESTART" command to reset the firmware, reload the\nconfig, and restart the host software.\nPrinter is shutdown\n', 'error': 'WebRequestError'}
                                                                                                                                                                                                                                                                                 --------------------Moonraker Log Start--------------------
config_file: /home/mks/klipper_config/moonraker.conf
log_file: /home/mks/klipper_logs/moonraker.log
software_version: v0.7.1-609-gbdd0222-dirty
python_version: 3.7.3 (default, Jan 22 2021, 20:04:44)  [GCC 8.3.0]
2023-10-06 10:17:16,924 [utils.py:setup_logging()] - config_file: /home/mks/klipper_config/moonraker.conf
2023-10-06 10:17:16,924 [utils.py:setup_logging()] - log_file: /home/mks/klipper_logs/moonraker.log
2023-10-06 10:17:16,925 [utils.py:setup_logging()] - software_version: v0.7.1-609-gbdd0222-dirty
2023-10-06 10:17:16,925 [utils.py:setup_logging()] - python_version: 3.7.3 (default, Jan 22 2021, 20:04:44)  [GCC 8.3.0]
2023-10-06 10:17:16,945 [moonraker.py:add_log_rollover_item()] - 
#################### Moonraker Configuration ####################

[server]
host = 0.0.0.0
port = 7125
enable_debug_logging = False
klippy_uds_address = /tmp/klippy_uds

[authorization]
trusted_clients = 
	10.0.0.0/8
	127.0.0.0/8
	169.254.0.0/16
	172.16.0.0/12
	192.168.0.0/16
	FE80::/10
	::1/128
cors_domains = 
	http://*.lan
	http://*.local
	https://my.mainsail.xyz
	http://my.mainsail.xyz
	https://app.fluidd.xyz
	http://app.fluidd.xyz

[database]
database_path = /home/mks/.moonraker_database

[file_manager]
config_path = /home/mks/klipper_config
log_path = /home/mks/klipper_logs

[octoprint_compat]

[history]

#################################################################
All Configuration Files:
/home/mks/klipper_config/moonraker.conf
#################################################################
2023-10-06 10:17:16,982 [app.py:register_local_handler()] - Registering HTTP Endpoint: (GET) /server/info
2023-10-06 10:17:16,983 [websockets.py:register_api_handler()] - Registering Websocket JSON-RPC methods: server.info
2023-10-06 10:17:16,984 [app.py:register_local_handler()] - Registering HTTP Endpoint: (GET) /server/config
2023-10-06 10:17:16,985 [websockets.py:register_api_handler()] - Registering Websocket JSON-RPC methods: server.config
2023-10-06 10:17:16,985 [app.py:register_local_handler()] - Registering HTTP Endpoint: (POST) /server/restart
2023-10-06 10:17:16,987 [websockets.py:register_api_handler()] - Registering Websocket JSON-RPC methods: server.restart
2023-10-06 10:17:17,170 [moonraker.py:load_component()] - Component (dbus_manager) loaded
2023-10-06 10:17:17,210 [moonraker.py:add_log_rollover_item()] - Unsafe Shutdown Count: 2
2023-10-06 10:17:17,225 [app.py:register_local_handler()] - Registering HTTP Endpoint: (GET) /server/database/list
2023-10-06 10:17:17,228 [websockets.py:register_api_handler()] - Registering Websocket JSON-RPC methods: server.database.list
2023-10-06 10:17:17,228 [app.py:register_local_handler()] - Registering HTTP Endpoint: (GET POST DELETE) /server/database/item
2023-10-06 10:17:17,230 [websockets.py:register_api_handler()] - Registering Websocket JSON-RPC methods: server.database.get_item, server.database.post_item, server.database.delete_item
2023-10-06 10:17:17,231 [moonraker.py:load_component()] - Component (database) loaded
2023-10-06 10:17:17,325 [app.py:register_local_handler()] - Registering HTTP Endpoint: (GET) /server/files/list
2023-10-06 10:17:17,327 [websockets.py:register_api_handler()] - Registering Websocket JSON-RPC methods: server.files.list
2023-10-06 10:17:17,327 [app.py:register_local_handler()] - Registering HTTP Endpoint: (GET) /server/files/metadata
2023-10-06 10:17:17,329 [websockets.py:register_api_handler()] - Registering Websocket JSON-RPC methods: server.files.metadata
2023-10-06 10:17:17,329 [app.py:register_local_handler()] - Registering HTTP Endpoint: (GET POST DELETE) /server/files/directory
2023-10-06 10:17:17,332 [websockets.py:register_api_handler()] - Registering Websocket JSON-RPC methods: server.files.get_directory, server.files.post_directory, server.files.delete_directory
2023-10-06 10:17:17,332 [app.py:register_local_handler()] - Registering HTTP Endpoint: (POST) /server/files/move
2023-10-06 10:17:17,334 [websockets.py:register_api_handler()] - Registering Websocket JSON-RPC methods: server.files.move
2023-10-06 10:17:17,334 [app.py:register_local_handler()] - Registering HTTP Endpoint: (POST) /server/files/copy
2023-10-06 10:17:17,335 [websockets.py:register_api_handler()] - Registering Websocket JSON-RPC methods: server.files.copy
2023-10-06 10:17:17,336 [websockets.py:register_api_handler()] - Registering Websocket JSON-RPC methods: server.files.delete_file
2023-10-06 10:17:17,366 [moonraker.py:load_component()] - Component (file_manager) loaded
2023-10-06 10:17:17,373 [app.py:register_local_handler()] - Registering HTTP Endpoint: (POST) /printer/print/pause
2023-10-06 10:17:17,374 [websockets.py:register_api_handler()] - Registering Websocket JSON-RPC methods: printer.print.pause
2023-10-06 10:17:17,374 [app.py:register_local_handler()] - Registering HTTP Endpoint: (POST) /printer/print/resume
2023-10-06 10:17:17,376 [websockets.py:register_api_handler()] - Registering Websocket JSON-RPC methods: printer.print.resume
2023-10-06 10:17:17,376 [app.py:register_local_handler()] - Registering HTTP Endpoint: (POST) /printer/print/cancel
2023-10-06 10:17:17,378 [websockets.py:register_api_handler()] - Registering Websocket JSON-RPC methods: printer.print.cancel
2023-10-06 10:17:17,379 [app.py:register_local_handler()] - Registering HTTP Endpoint: (POST) /printer/print/start
2023-10-06 10:17:17,380 [websockets.py:register_api_handler()] - Registering Websocket JSON-RPC methods: printer.print.start
2023-10-06 10:17:17,380 [app.py:register_local_handler()] - Registering HTTP Endpoint: (POST) /printer/restart
2023-10-06 10:17:17,382 [websockets.py:register_api_handler()] - Registering Websocket JSON-RPC methods: printer.restart
2023-10-06 10:17:17,382 [app.py:register_local_handler()] - Registering HTTP Endpoint: (POST) /printer/firmware_restart
2023-10-06 10:17:17,384 [websockets.py:register_api_handler()] - Registering Websocket JSON-RPC methods: printer.firmware_restart
2023-10-06 10:17:17,385 [moonraker.py:load_component()] - Component (klippy_apis) loaded
2023-10-06 10:17:17,900 [moonraker.py:add_log_rollover_item()] - 
System Info:

***python***
  version: sys.version_info(major=3, minor=7, micro=3, releaselevel='final', serial=0)
  version_string: 3.7.3 (default, Jan 22 2021, 20:04:44)  [GCC 8.3.0]

***cpu_info***
  cpu_count: 4
  bits: 64bit
  processor: aarch64
  cpu_desc: 
  serial_number: 
  hardware_desc: 
  model: 
  total_memory: 999788
  memory_units: kB

***sd_info***

***distribution***
  name: Armbian 22.05.0-trunk Buster
  id: debian
  version: 10
  version_parts: {'major': '10', 'minor': '', 'build_number': ''}
  like: 
  codename: buster
  release_info: {'name': '# PLEASE DO NOT EDIT THIS FILE', 'id': 'armbian'}

***virtualization***
  virt_type: none
  virt_identifier: none
2023-10-06 10:17:17,908 [moonraker.py:load_component()] - Component (shell_command) loaded
2023-10-06 10:17:17,909 [machine.py:__init__()] - Using System Provider: systemd_dbus
2023-10-06 10:17:17,910 [app.py:register_local_handler()] - Registering HTTP Endpoint: (POST) /machine/reboot
2023-10-06 10:17:17,913 [websockets.py:register_api_handler()] - Registering Websocket JSON-RPC methods: machine.reboot
2023-10-06 10:17:17,913 [app.py:register_local_handler()] - Registering HTTP Endpoint: (POST) /machine/shutdown
2023-10-06 10:17:17,916 [websockets.py:register_api_handler()] - Registering Websocket JSON-RPC methods: machine.shutdown
2023-10-06 10:17:17,917 [app.py:register_local_handler()] - Registering HTTP Endpoint: (POST) /machine/services/restart
2023-10-06 10:17:17,919 [websockets.py:register_api_handler()] - Registering Websocket JSON-RPC methods: machine.services.restart
2023-10-06 10:17:17,920 [app.py:register_local_handler()] - Registering HTTP Endpoint: (POST) /machine/services/stop
2023-10-06 10:17:17,921 [websockets.py:register_api_handler()] - Registering Websocket JSON-RPC methods: machine.services.stop
2023-10-06 10:17:17,922 [app.py:register_local_handler()] - Registering HTTP Endpoint: (POST) /machine/services/start
2023-10-06 10:17:17,923 [websockets.py:register_api_handler()] - Registering Websocket JSON-RPC methods: machine.services.start
2023-10-06 10:17:17,924 [app.py:register_local_handler()] - Registering HTTP Endpoint: (GET) /machine/system_info
2023-10-06 10:17:17,926 [websockets.py:register_api_handler()] - Registering Websocket JSON-RPC methods: machine.system_info
2023-10-06 10:17:17,929 [moonraker.py:load_component()] - Component (machine) loaded
2023-10-06 10:17:17,936 [app.py:register_local_handler()] - Registering HTTP Endpoint: (GET) /server/temperature_store
2023-10-06 10:17:17,937 [websockets.py:register_api_handler()] - Registering Websocket JSON-RPC methods: server.temperature_store
2023-10-06 10:17:17,938 [app.py:register_local_handler()] - Registering HTTP Endpoint: (GET) /server/gcode_store
2023-10-06 10:17:17,939 [websockets.py:register_api_handler()] - Registering Websocket JSON-RPC methods: server.gcode_store
2023-10-06 10:17:17,940 [moonraker.py:load_component()] - Component (data_store) loaded
2023-10-06 10:17:17,945 [proc_stats.py:__init__()] - Unable to find 'vcgencmd', throttle checking disabled
2023-10-06 10:17:17,946 [app.py:register_local_handler()] - Registering HTTP Endpoint: (GET) /machine/proc_stats
2023-10-06 10:17:17,948 [websockets.py:register_api_handler()] - Registering Websocket JSON-RPC methods: machine.proc_stats
2023-10-06 10:17:17,948 [moonraker.py:load_component()] - Component (proc_stats) loaded
2023-10-06 10:17:17,954 [moonraker.py:load_component()] - Component (job_state) loaded
2023-10-06 10:17:17,962 [app.py:register_local_handler()] - Registering HTTP Endpoint: (POST DELETE) /server/job_queue/job
2023-10-06 10:17:17,964 [websockets.py:register_api_handler()] - Registering Websocket JSON-RPC methods: server.job_queue.post_job, server.job_queue.delete_job
2023-10-06 10:17:17,964 [app.py:register_local_handler()] - Registering HTTP Endpoint: (POST) /server/job_queue/pause
2023-10-06 10:17:17,966 [websockets.py:register_api_handler()] - Registering Websocket JSON-RPC methods: server.job_queue.pause
2023-10-06 10:17:17,966 [app.py:register_local_handler()] - Registering HTTP Endpoint: (POST) /server/job_queue/start
2023-10-06 10:17:17,968 [websockets.py:register_api_handler()] - Registering Websocket JSON-RPC methods: server.job_queue.start
2023-10-06 10:17:17,968 [app.py:register_local_handler()] - Registering HTTP Endpoint: (GET) /server/job_queue/status
2023-10-06 10:17:17,970 [websockets.py:register_api_handler()] - Registering Websocket JSON-RPC methods: server.job_queue.status
2023-10-06 10:17:17,970 [moonraker.py:load_component()] - Component (job_queue) loaded
2023-10-06 10:17:17,998 [moonraker.py:load_component()] - Component (http_client) loaded
2023-10-06 10:17:18,008 [app.py:register_local_handler()] - Registering HTTP Endpoint: (GET) /server/announcements/list
2023-10-06 10:17:18,010 [websockets.py:register_api_handler()] - Registering Websocket JSON-RPC methods: server.announcements.list
2023-10-06 10:17:18,011 [app.py:register_local_handler()] - Registering HTTP Endpoint: (POST) /server/announcements/dismiss
2023-10-06 10:17:18,013 [websockets.py:register_api_handler()] - Registering Websocket JSON-RPC methods: server.announcements.dismiss
2023-10-06 10:17:18,013 [app.py:register_local_handler()] - Registering HTTP Endpoint: (POST) /server/announcements/update
2023-10-06 10:17:18,015 [websockets.py:register_api_handler()] - Registering Websocket JSON-RPC methods: server.announcements.update
2023-10-06 10:17:18,016 [app.py:register_local_handler()] - Registering HTTP Endpoint: (POST DELETE) /server/announcements/feed
2023-10-06 10:17:18,017 [websockets.py:register_api_handler()] - Registering Websocket JSON-RPC methods: server.announcements.post_feed, server.announcements.delete_feed
2023-10-06 10:17:18,018 [app.py:register_local_handler()] - Registering HTTP Endpoint: (GET) /server/announcements/feeds
2023-10-06 10:17:18,020 [websockets.py:register_api_handler()] - Registering Websocket JSON-RPC methods: server.announcements.feeds
2023-10-06 10:17:18,021 [moonraker.py:load_component()] - Component (announcements) loaded
2023-10-06 10:17:18,041 [app.py:register_local_handler()] - Registering HTTP Endpoint: (GET) /server/webcams/list
2023-10-06 10:17:18,042 [websockets.py:register_api_handler()] - Registering Websocket JSON-RPC methods: server.webcams.list
2023-10-06 10:17:18,043 [app.py:register_local_handler()] - Registering HTTP Endpoint: (GET POST DELETE) /server/webcams/item
2023-10-06 10:17:18,045 [websockets.py:register_api_handler()] - Registering Websocket JSON-RPC methods: server.webcams.get_item, server.webcams.post_item, server.webcams.delete_item
2023-10-06 10:17:18,045 [app.py:register_local_handler()] - Registering HTTP Endpoint: (POST) /server/webcams/test
2023-10-06 10:17:18,047 [websockets.py:register_api_handler()] - Registering Websocket JSON-RPC methods: server.webcams.test
2023-10-06 10:17:18,047 [moonraker.py:load_component()] - Component (webcam) loaded
2023-10-06 10:17:18,054 [websockets.py:register_api_handler()] - Registering Websocket JSON-RPC methods: connection.send_event
2023-10-06 10:17:18,054 [app.py:register_local_handler()] - Registering HTTP Endpoint: (GET) /server/extensions/list
2023-10-06 10:17:18,056 [websockets.py:register_api_handler()] - Registering Websocket JSON-RPC methods: server.extensions.list
2023-10-06 10:17:18,056 [app.py:register_local_handler()] - Registering HTTP Endpoint: (POST) /server/extensions/request
2023-10-06 10:17:18,058 [websockets.py:register_api_handler()] - Registering Websocket JSON-RPC methods: server.extensions.request
2023-10-06 10:17:18,059 [moonraker.py:load_component()] - Component (extensions) loaded
2023-10-06 10:17:18,133 [authorization.py:__init__()] - Authorization Configuration Loaded
Trusted Clients:
10.0.0.0/8
127.0.0.0/8
169.254.0.0/16
172.16.0.0/12
192.168.0.0/16
fe80::/10
::1/128
CORS Domains:
http://.*\.lan
http://.*\.local
https://my\.mainsail\.xyz
http://my\.mainsail\.xyz
https://app\.fluidd\.xyz
http://app\.fluidd\.xyz
2023-10-06 10:17:18,134 [app.py:register_local_handler()] - Registering HTTP Endpoint: (POST) /access/login
2023-10-06 10:17:18,135 [app.py:register_local_handler()] - Registering HTTP Endpoint: (POST) /access/logout
2023-10-06 10:17:18,136 [app.py:register_local_handler()] - Registering HTTP Endpoint: (POST) /access/refresh_jwt
2023-10-06 10:17:18,138 [app.py:register_local_handler()] - Registering HTTP Endpoint: (GET POST DELETE) /access/user
2023-10-06 10:17:18,140 [app.py:register_local_handler()] - Registering HTTP Endpoint: (GET) /access/users/list
2023-10-06 10:17:18,141 [app.py:register_local_handler()] - Registering HTTP Endpoint: (POST) /access/user/password
2023-10-06 10:17:18,142 [app.py:register_local_handler()] - Registering HTTP Endpoint: (GET POST) /access/api_key
2023-10-06 10:17:18,144 [app.py:register_local_handler()] - Registering HTTP Endpoint: (GET) /access/oneshot_token
2023-10-06 10:17:18,146 [app.py:register_local_handler()] - Registering HTTP Endpoint: (GET) /access/info
2023-10-06 10:17:18,148 [moonraker.py:load_component()] - Component (authorization) loaded
2023-10-06 10:17:18,154 [app.py:register_local_handler()] - Registering HTTP Endpoint: (GET) /api/version
2023-10-06 10:17:18,155 [app.py:register_local_handler()] - Registering HTTP Endpoint: (GET) /api/server
2023-10-06 10:17:18,157 [app.py:register_local_handler()] - Registering HTTP Endpoint: (POST) /api/login
2023-10-06 10:17:18,158 [app.py:register_local_handler()] - Registering HTTP Endpoint: (GET) /api/currentuser
2023-10-06 10:17:18,160 [app.py:register_local_handler()] - Registering HTTP Endpoint: (GET) /api/settings
2023-10-06 10:17:18,161 [app.py:register_local_handler()] - Registering HTTP Endpoint: (GET) /api/job
2023-10-06 10:17:18,162 [app.py:register_local_handler()] - Registering HTTP Endpoint: (GET) /api/printer
2023-10-06 10:17:18,164 [app.py:register_local_handler()] - Registering HTTP Endpoint: (POST) /api/printer/command
2023-10-06 10:17:18,165 [app.py:register_local_handler()] - Registering HTTP Endpoint: (GET) /api/printerprofiles
2023-10-06 10:17:18,168 [app.py:register_local_handler()] - Registering HTTP Endpoint: (POST) /api/files/moonraker/(?P<relative_path>.+)
2023-10-06 10:17:18,170 [moonraker.py:load_component()] - Component (octoprint_compat) loaded
2023-10-06 10:17:18,177 [app.py:register_local_handler()] - Registering HTTP Endpoint: (GET DELETE) /server/history/job
2023-10-06 10:17:18,179 [websockets.py:register_api_handler()] - Registering Websocket JSON-RPC methods: server.history.get_job, server.history.delete_job
2023-10-06 10:17:18,179 [app.py:register_local_handler()] - Registering HTTP Endpoint: (GET) /server/history/list
2023-10-06 10:17:18,181 [websockets.py:register_api_handler()] - Registering Websocket JSON-RPC methods: server.history.list
2023-10-06 10:17:18,181 [app.py:register_local_handler()] - Registering HTTP Endpoint: (GET) /server/history/totals
2023-10-06 10:17:18,183 [websockets.py:register_api_handler()] - Registering Websocket JSON-RPC methods: server.history.totals
2023-10-06 10:17:18,184 [app.py:register_local_handler()] - Registering HTTP Endpoint: (POST) /server/history/reset_totals
2023-10-06 10:17:18,185 [websockets.py:register_api_handler()] - Registering Websocket JSON-RPC methods: server.history.reset_totals
2023-10-06 10:17:18,186 [moonraker.py:load_component()] - Component (history) loaded
2023-10-06 10:17:18,189 [moonraker.py:_initialize_component()] - Performing Component Post Init: [dbus_manager]
2023-10-06 10:17:18,229 [moonraker.py:_initialize_component()] - Performing Component Post Init: [file_manager]
2023-10-06 10:17:18,276 [moonraker.py:_initialize_component()] - Performing Component Post Init: [machine]
2023-10-06 10:17:18,660 [machine.py:check_virt_status()] - No Virtualization Detected
2023-10-06 10:17:18,683 [moonraker.py:_initialize_component()] - Performing Component Post Init: [proc_stats]
2023-10-06 10:17:18,684 [moonraker.py:_initialize_component()] - Performing Component Post Init: [announcements]
2023-10-06 10:17:18,688 [moonraker.py:_initialize_component()] - Performing Component Post Init: [webcam]
2023-10-06 10:17:19,222 [machine.py:_get_wifi_interfaces()] - Failed to run 'iwgetid' command
Traceback (most recent call last):
  File "/home/mks/moonraker/moonraker/components/machine.py", line 457, in _get_wifi_interfaces
    resp = await self.iwgetid_cmd.run_with_response(log_complete=False)
  File "/home/mks/moonraker/moonraker/components/shell_command.py", line 269, in run_with_response
    self.return_code, stdout, stderr)
components.shell_command.ShellCommandError: Error running shell command: '['/sbin/iwgetid']'
2023-10-06 10:17:19,225 [moonraker.py:_initialize_component()] - Performing Component Post Init: [authorization]
2023-10-06 10:17:19,237 [moonraker.py:start_server()] - Starting Moonraker on (0.0.0.0, 7125), Hostname: mkspi
2023-10-06 10:17:19,241 [app.py:listen()] - SSL Certificate/Key not configured, aborting HTTPS Server startup
2023-10-06 10:17:19,494 [klippy_connection.py:_do_connect()] - Klippy Connection Established
2023-10-06 10:17:19,495 [klippy_connection.py:_get_peer_credentials()] - Failed to get Klippy Peer Credentials, raw: 0x80050000e8030000e8030000
Traceback (most recent call last):
  File "/home/mks/moonraker/moonraker/klippy_connection.py", line 239, in _get_peer_credentials
    pid, uid, gid = struct.unpack("@LLL", data)
struct.error: unpack requires a buffer of 24 bytes
2023-10-06 10:17:19,751 [klippy_connection.py:_init_klippy_connection()] - Webhooks Subscribed
2023-10-06 10:17:19,755 [klippy_connection.py:_init_klippy_connection()] - GCode Output Subscribed
2023-10-06 10:17:19,760 [moonraker.py:add_log_rollover_item()] - Klipper Version: v0.10.0-530-g3387a9c2-dirty
2023-10-06 10:17:20,638 [app.py:register_remote_handler()] - Registering HTTP endpoint: (GET POST) /printer/info
2023-10-06 10:17:20,639 [websockets.py:register_api_handler()] - Registering Websocket JSON-RPC methods: printer.info
2023-10-06 10:17:20,640 [app.py:register_remote_handler()] - Registering HTTP endpoint: (GET POST) /printer/query_endstops/status
2023-10-06 10:17:20,641 [websockets.py:register_api_handler()] - Registering Websocket JSON-RPC methods: printer.query_endstops.status
2023-10-06 10:17:20,642 [app.py:register_remote_handler()] - Registering HTTP endpoint: (GET POST) /printer/emergency_stop
2023-10-06 10:17:20,643 [websockets.py:register_api_handler()] - Registering Websocket JSON-RPC methods: printer.emergency_stop
2023-10-06 10:17:20,644 [app.py:register_remote_handler()] - Registering HTTP endpoint: (GET POST) /printer/pause_resume/pause
2023-10-06 10:17:20,645 [websockets.py:register_api_handler()] - Registering Websocket JSON-RPC methods: printer.pause_resume.pause
2023-10-06 10:17:20,646 [app.py:register_remote_handler()] - Registering HTTP endpoint: (GET POST) /printer/objects/query
2023-10-06 10:17:20,647 [websockets.py:register_api_handler()] - Registering Websocket JSON-RPC methods: printer.objects.query
2023-10-06 10:17:20,648 [app.py:register_remote_handler()] - Registering HTTP endpoint: (GET POST) /printer/objects/list
2023-10-06 10:17:20,649 [websockets.py:register_api_handler()] - Registering Websocket JSON-RPC methods: printer.objects.list
2023-10-06 10:17:20,650 [app.py:register_remote_handler()] - Registering HTTP endpoint: (GET POST) /printer/motion_report/dump_stepper
2023-10-06 10:17:20,652 [websockets.py:register_api_handler()] - Registering Websocket JSON-RPC methods: printer.motion_report.dump_stepper
2023-10-06 10:17:20,652 [app.py:register_remote_handler()] - Registering HTTP endpoint: (GET POST) /printer/gcode/firmware_restart
2023-10-06 10:17:20,654 [websockets.py:register_api_handler()] - Registering Websocket JSON-RPC methods: printer.gcode.firmware_restart
2023-10-06 10:17:20,655 [app.py:register_remote_handler()] - Registering HTTP endpoint: (GET POST) /printer/objects/subscribe
2023-10-06 10:17:20,656 [websockets.py:register_api_handler()] - Registering Websocket JSON-RPC methods: printer.objects.subscribe
2023-10-06 10:17:20,657 [app.py:register_remote_handler()] - Registering HTTP endpoint: (GET POST) /printer/gcode/script
2023-10-06 10:17:20,658 [websockets.py:register_api_handler()] - Registering Websocket JSON-RPC methods: printer.gcode.script
2023-10-06 10:17:20,659 [app.py:register_remote_handler()] - Registering HTTP endpoint: (GET POST) /printer/gcode/help
2023-10-06 10:17:20,661 [websockets.py:register_api_handler()] - Registering Websocket JSON-RPC methods: printer.gcode.help
2023-10-06 10:17:20,661 [app.py:register_remote_handler()] - Registering HTTP endpoint: (GET POST) /printer/pause_resume/resume
2023-10-06 10:17:20,663 [websockets.py:register_api_handler()] - Registering Websocket JSON-RPC methods: printer.pause_resume.resume
2023-10-06 10:17:20,663 [app.py:register_remote_handler()] - Registering HTTP endpoint: (GET POST) /printer/motion_report/dump_trapq
2023-10-06 10:17:20,665 [websockets.py:register_api_handler()] - Registering Websocket JSON-RPC methods: printer.motion_report.dump_trapq
2023-10-06 10:17:20,666 [app.py:register_remote_handler()] - Registering HTTP endpoint: (GET POST) /printer/pause_resume/cancel
2023-10-06 10:17:20,667 [websockets.py:register_api_handler()] - Registering Websocket JSON-RPC methods: printer.pause_resume.cancel
2023-10-06 10:17:20,668 [app.py:register_remote_handler()] - Registering HTTP endpoint: (GET POST) /printer/gcode/restart
2023-10-06 10:17:20,669 [websockets.py:register_api_handler()] - Registering Websocket JSON-RPC methods: printer.gcode.restart
2023-10-06 10:17:20,755 [announcements.py:_fetch_moonlight()] - Failed to update subscription 'moonraker': [Errno -2] Name or service not known
2023-10-06 10:17:20,875 [job_state.py:_handle_started()] - Job state initialized: standby
2023-10-06 10:17:21,157 [klippy_connection.py:_check_ready()] - Klippy ready
2023-10-06 10:17:21,628 [data_store.py:_init_sensors()] - Configuring available sensors: ['heater_bed', 'heater_generic heater_bed1', 'extruder']
2023-10-06 10:17:22,851 [authorization.py:_check_trusted_connection()] - Trusted Connection Detected, IP: 127.0.0.1
2023-10-06 10:17:22,854 [app.py:log_request()] - 101 GET /websocket? (127.0.0.1) [_TRUSTED_USER_] 6.30ms
2023-10-06 10:17:22,855 [websockets.py:open()] - Websocket Opened: ID: 281473060272616, Proxied: False, User Agent: WebSocket++/0.8.1, Host Name: localhost
2023-10-06 10:17:26,060 [klippy_connection.py:close()] - Error closing Klippy Unix Socket
Traceback (most recent call last):
  File "/home/mks/moonraker/moonraker/klippy_connection.py", line 563, in close
    await self.writer.wait_closed()
  File "/usr/lib/python3.7/asyncio/streams.py", line 323, in wait_closed
    await self._protocol._closed
  File "/home/mks/moonraker/moonraker/klippy_connection.py", line 123, in _read_stream
    data = await reader.readuntil(b'\x03')
  File "/usr/lib/python3.7/asyncio/streams.py", line 588, in readuntil
    await self._wait_for_data('readuntil')
  File "/usr/lib/python3.7/asyncio/streams.py", line 473, in _wait_for_data
    await self._waiter
  File "/usr/lib/python3.7/asyncio/selector_events.py", line 801, in _read_ready__data_received
    data = self._sock.recv(self.max_size)
ConnectionResetError: [Errno 104] Connection reset by peer
2023-10-06 10:17:26,060 [klippy_connection.py:_on_connection_closed()] - Klippy Connection Removed
2023-10-06 10:17:26,063 [websockets.py:build_error()] - JSON-RPC Request Error: 503
Klippy Disconnected
Traceback (most recent call last):
  File "/home/mks/moonraker/moonraker/websockets.py", line 253, in execute_method
    result = await callback(params)
  File "/home/mks/moonraker/moonraker/websockets.py", line 351, in func
    user=ws.current_user))
  File "/home/mks/moonraker/moonraker/klippy_connection.py", line 468, in request
    return await self._request_standard(web_request)
  File "/home/mks/moonraker/moonraker/klippy_connection.py", line 523, in _request_standard
    return await base_request.wait()
  File "/home/mks/moonraker/moonraker/klippy_connection.py", line 594, in wait
    raise self.response
utils.ServerError: Klippy Disconnected
2023-10-06 10:17:27,014 [websockets.py:build_error()] - JSON-RPC Request Error: 503
Klippy Host not connected
Traceback (most recent call last):
  File "/home/mks/moonraker/moonraker/websockets.py", line 253, in execute_method
    result = await callback(params)
  File "/home/mks/moonraker/moonraker/websockets.py", line 351, in func
    user=ws.current_user))
  File "/home/mks/moonraker/moonraker/klippy_connection.py", line 458, in request
    raise ServerError("Klippy Host not connected", 503)
utils.ServerError: Klippy Host not connected
2023-10-06 10:17:27,325 [klippy_connection.py:_do_connect()] - Klippy Connection Established
2023-10-06 10:17:27,325 [klippy_connection.py:_get_peer_credentials()] - Failed to get Klippy Peer Credentials, raw: 0x80050000e8030000e8030000
Traceback (most recent call last):
  File "/home/mks/moonraker/moonraker/klippy_connection.py", line 239, in _get_peer_credentials
    pid, uid, gid = struct.unpack("@LLL", data)
struct.error: unpack requires a buffer of 24 bytes
2023-10-06 10:17:27,622 [klippy_connection.py:_init_klippy_connection()] - Webhooks Subscribed
2023-10-06 10:17:27,633 [klippy_connection.py:_init_klippy_connection()] - GCode Output Subscribed
2023-10-06 19:16:15,481 [job_state.py:_handle_started()] - Job state initialized: standby
2023-10-06 19:16:15,763 [klippy_connection.py:_check_ready()] - Klippy ready
2023-10-06 19:16:16,237 [data_store.py:_init_sensors()] - Configuring available sensors: ['heater_bed', 'heater_generic heater_bed1', 'extruder']
2023-10-06 19:20:56,190 [authorization.py:_prune_conn_handler()] - Trusted Connection Expired, IP: 127.0.0.1
