-------------------- Log Start | Thu Jan 11 00:16:01 2024 --------------------
data_path: /home/mks/printer_data
is_default_data_path: False
config_file: /home/mks/printer_data/config/moonraker.conf
startup_warnings: []
verbose: False
debug: False
asyncio_debug: False
is_backup_config: False
is_python_package: False
instance_uuid: e84c57792b4142ef9faba51c6bb000e6
unix_socket_path: /home/mks/printer_data/comms/moonraker.sock
software_version: v0.8.0-240-g5585884
git_branch: master
git_remote: origin
git_repo_url: https://github.com/Arksine/moonraker.git
modified_files: []
unofficial_components: []
log_file: /home/mks/printer_data/logs/moonraker.log
python_version: 3.11.2 (main, Mar 13 2023, 12:18:29) [GCC 12.2.0]
msgspec_enabled: False
uvloop_enabled: False

#################### Moonraker Configuration ####################

[server]
host = 0.0.0.0
port = 7125
klippy_uds_address = /home/mks/printer_data/comms/klippy.sock

[authorization]
trusted_clients = 
	10.10.0.0/16
	10.0.0.0/8
	127.0.0.0/8
	169.254.0.0/16
	172.16.0.0/12
	192.168.0.0/16
	FE80::/10
	::1/128
cors_domains = 
	*.lan
	*.local
	*://localhost
	*://localhost:*
	*://my.mainsail.xyz
	*://app.fluidd.xyz

[file_manager]
enable_object_processing = True

[octoprint_compat]

[history]

[update_manager]
channel = dev
refresh_interval = 168

[update_manager fluidd-config]
type = git_repo
primary_branch = master
path = ~/fluidd-config
origin = https://github.com/fluidd-core/fluidd-config.git
managed_services = klipper

[update_manager fluidd]
type = web
channel = stable
repo = fluidd-core/fluidd
path = ~/fluidd

[update_manager Klipper-Adaptive-Meshing-Purging]
type = git_repo
channel = dev
path = ~/Klipper-Adaptive-Meshing-Purging
origin = https://github.com/kyleisah/Klipper-Adaptive-Meshing-Purging.git
managed_services = klipper
primary_branch = main

#################################################################
All Configuration Files:
/home/mks/printer_data/config/moonraker.conf
#################################################################

Database Versions: pylmdb = 1.4.1, lmdb = (0, 9, 29)
Unsafe Shutdown Count: 35

System Info:

***python***
  version: (3, 11, 2, 'final', 0)
  version_string: 3.11.2 (main, Mar 13 2023, 12:18:29) [GCC 12.2.0]

***cpu_info***
  cpu_count: 4
  bits: 64bit
  processor: aarch64
  cpu_desc: 
  serial_number: 
  hardware_desc: 
  model: 
  total_memory: 999940
  memory_units: kB

***sd_info***

***distribution***
  name: Armbian-unofficial 24.2.0-trunk bookworm
  id: debian
  version: 12
  version_parts: {'major': '12', 'minor': '', 'build_number': ''}
  like: 
  codename: bookworm
  release_info: {'name': '# PLEASE DO NOT EDIT THIS FILE', 'id': 'armbian'}

***virtualization***
  virt_type: none
  virt_identifier: none

***network***

***canbus***

***Allowed Services***
  klipper_mcu
  webcamd
  MoonCord
  KlipperScreen
  moonraker-telegram-bot
  moonraker-obico
  sonar
  crowsnest
  octoeverywhere
  ratos-configurator
  mobileraker

Systemd unit moonraker.service:
unit_name: moonraker.service
is_default: True
manager: systemd
Properties:
**Requires=['system.slice', 'sysinit.target', 'network-online.target', '-.mount']
**After=['sysinit.target', '-.mount', 'system.slice', 'network-online.target', 'basic.target', 'systemd-journald.socket']
**SupplementaryGroups=['moonraker-admin']
**EnvironmentFiles=/home/mks/printer_data/systemd/moonraker.env
**ExecStart=/home/mks/moonraker-env/bin/python $MOONRAKER_ARGS
**WorkingDirectory=/home/mks/moonraker
**FragmentPath=/etc/systemd/system/moonraker.service
**Description=API Server for Klipper SV1
**User=mks

Systemd unit klipper.service:
unit_name: klipper.service
is_default: True
manager: systemd
Properties:
**Requires=['sysinit.target', 'system.slice', '-.mount']
**After=['system.slice', 'sysinit.target', 'systemd-journald.socket', 'klipper-mcu.service', '-.mount', 'basic.target', 'network-online.target']
**SupplementaryGroups=[]
**EnvironmentFiles=/home/mks/printer_data/systemd/klipper.env
**ExecStart=/home/mks/klippy-env/bin/python $KLIPPER_ARGS
**WorkingDirectory=/home/mks/klipper
**FragmentPath=/etc/systemd/system/klipper.service
**Description=Klipper 3D Printer Firmware SV1
**User=mks
Git Repo moonraker: No warnings detected
Git Repo klipper: Warnings detected:
  Repo has untracked source files: ['klippy/extras/gcode_shell_command.py']
Git Repo fluidd-config: No warnings detected
Git Repo Klipper-Adaptive-Meshing-Purging: No warnings detected
Klipper Version: v0.12.0-55-gb5025580-dirty
2024-01-11 00:16:01,385 [websockets.py:on_close()] - Websocket Closed: ID: 281473323204240 Close Code: 1001, Close Reason: None, Pong Time Elapsed: 1.61
2024-01-11 00:18:32,906 [app.py:log_request()] - 101 GET /websocket?token=YI5DISYFCOSL5QOFXDVSMBSTMBYDTL7S (192.168.2.13) [_TRUSTED_USER_] 5.44ms
2024-01-11 00:18:32,907 [websockets.py:open()] - Websocket Opened: ID: 281473322101072, Proxied: True, User Agent: Mozilla/5.0 (Linux; Android 10; K) AppleWebKit/537.36 (KHTML, like Gecko) Chrome/120.0.0.0 Mobile Safari/537.36, Host Name: 192.168.2.227
2024-01-11 00:18:32,922 [websockets.py:_handle_identify()] - Websocket 281473322101072 Client Identified - Name: fluidd, Version: 1.27.1-2056453, Type: web
2024-01-11 00:18:32,923 [file_manager.py:get_file_list()] - Updating File List <config>...
2024-01-11 00:20:23,159 [websockets.py:write_to_socket()] - Websocket closed while writing: 281473322101072
2024-01-11 00:20:27,913 [websockets.py:on_close()] - Websocket Closed: ID: 281473322101072 Close Code: None, Close Reason: None, Pong Time Elapsed: 44.90
